c:\users\duong\onedrive\máy tính\qlxemay\qlxemay\x64\debug\vc143.pdb
c:\users\duong\onedrive\máy tính\qlxemay\qlxemay\x64\debug\vc143.idb
c:\users\duong\onedrive\máy tính\qlxemay\qlxemay\x64\debug\menu.obj
c:\users\duong\onedrive\máy tính\qlxemay\qlxemay\x64\debug\main.obj
c:\users\duong\onedrive\máy tính\qlxemay\qlxemay\x64\debug\hoadon.obj
c:\users\duong\onedrive\máy tính\qlxemay\qlxemay\x64\debug\docghivip.obj
c:\users\duong\onedrive\máy tính\qlxemay\x64\debug\qlxemay.exe
c:\users\duong\onedrive\máy tính\qlxemay\qlxemay\x64\debug\qlxemay.ilk
c:\users\duong\onedrive\máy tính\qlxemay\x64\debug\qlxemay.pdb
c:\users\acer\desktop\learning\qlxemay\qlxemay\x64\debug\docghivip.obj
c:\users\acer\desktop\learning\qlxemay\qlxemay\x64\debug\hoadon.obj
c:\users\acer\desktop\learning\qlxemay\qlxemay\x64\debug\main.obj
c:\users\acer\desktop\learning\qlxemay\qlxemay\x64\debug\menu.obj
c:\users\acer\desktop\learning\qlxemay\qlxemay\x64\debug\hoadon.obj.enc
c:\users\acer\desktop\learning\qlxemay\qlxemay\x64\debug\qlxemay.ilk
c:\users\acer\desktop\learning\qlxemay\qlxemay\x64\debug\vc143.idb
c:\users\acer\desktop\learning\qlxemay\qlxemay\x64\debug\vc143.pdb
c:\users\acer\desktop\learning\qlxemay\x64\debug\qlxemay.pdb
c:\users\acer\desktop\learning\qlxemay\x64\debug\qlxemay.exe
c:\users\acer\desktop\learning\qlxemay\qlxemay\x64\debug\qlxemay.tlog\cl.command.1.tlog
c:\users\acer\desktop\learning\qlxemay\qlxemay\x64\debug\qlxemay.tlog\cl.read.1.tlog
c:\users\acer\desktop\learning\qlxemay\qlxemay\x64\debug\qlxemay.tlog\cl.write.1.tlog
c:\users\acer\desktop\learning\qlxemay\qlxemay\x64\debug\qlxemay.tlog\link.command.1.tlog
c:\users\acer\desktop\learning\qlxemay\qlxemay\x64\debug\qlxemay.tlog\link.read.1.tlog
c:\users\acer\desktop\learning\qlxemay\qlxemay\x64\debug\qlxemay.tlog\link.write.1.tlog
